2019-06-18 14:05:12 TRACE root:11 - Start APP
2019-06-18 14:18:41 TRACE root:11 - Connecting...
2019-06-18 14:18:43 TRACE root:11 - Connected
2019-06-18 14:18:43 TRACE root:11 - Connecting...
2019-06-18 14:18:44 TRACE root:11 - Connected
2019-06-18 14:18:44 TRACE root:11 - Connecting...
2019-06-18 14:18:45 TRACE root:11 - Connected
2019-06-18 14:18:45 TRACE root:11 - Connecting...
2019-06-18 14:18:46 TRACE root:11 - Connected
2019-06-18 14:18:46 TRACE root:11 - Connecting...
2019-06-18 14:18:47 TRACE root:11 - Connected
2019-06-18 14:18:47 TRACE root:11 - Connecting...
2019-06-18 14:18:47 TRACE root:11 - Connected
2019-06-18 14:18:47 TRACE root:11 - Connecting...
2019-06-18 14:18:48 TRACE root:11 - Connected
2019-06-18 14:18:48 TRACE root:11 - Connecting...
2019-06-18 14:18:49 TRACE root:11 - Connected
2019-06-18 14:18:49 TRACE root:11 - Connecting...
2019-06-18 14:18:50 TRACE root:11 - Connected
2019-06-18 14:18:50 TRACE root:11 - Connecting...
2019-06-18 14:18:50 TRACE root:11 - Connected
2019-06-18 14:18:50 TRACE root:11 - Connecting...
2019-06-18 14:18:51 TRACE root:11 - Connected
2019-06-18 14:18:51 TRACE root:11 - Connecting...
2019-06-18 14:18:52 TRACE root:11 - Connected
2019-06-18 14:18:52 TRACE root:11 - Connecting...
2019-06-18 14:18:53 TRACE root:11 - Connected
2019-06-18 14:18:53 TRACE root:11 - Connecting...
2019-06-18 14:18:54 TRACE root:11 - Connected
2019-06-18 14:18:54 TRACE root:11 - Start APP
2019-06-18 14:18:54 TRACE root:11 - First page
2019-06-18 14:19:24 TRACE root:11 - Connecting...
2019-06-18 14:19:26 TRACE root:11 - Connected
2019-06-18 14:19:26 TRACE root:11 - Connecting...
2019-06-18 14:19:26 TRACE root:11 - Connected
2019-06-18 14:19:26 TRACE root:11 - Connecting...
2019-06-18 14:19:27 TRACE root:11 - Connected
2019-06-18 14:19:27 TRACE root:11 - Connecting...
2019-06-18 14:19:28 TRACE root:11 - Connected
2019-06-18 14:19:28 TRACE root:11 - Connecting...
2019-06-18 14:19:29 TRACE root:11 - Connected
2019-06-18 14:19:29 TRACE root:11 - Connecting...
2019-06-18 14:19:29 TRACE root:11 - Connected
2019-06-18 14:19:29 TRACE root:11 - Connecting...
2019-06-18 14:19:30 TRACE root:11 - Connected
2019-06-18 14:19:30 TRACE root:11 - Connecting...
2019-06-18 14:19:31 TRACE root:11 - Connected
2019-06-18 14:19:31 TRACE root:11 - Connecting...
2019-06-18 14:19:32 TRACE root:11 - Connected
2019-06-18 14:19:32 TRACE root:11 - Connecting...
2019-06-18 14:19:32 TRACE root:11 - Connected
2019-06-18 14:19:32 TRACE root:11 - Connecting...
2019-06-18 14:19:33 TRACE root:11 - Connected
2019-06-18 14:19:33 TRACE root:11 - Connecting...
2019-06-18 14:19:34 TRACE root:11 - Connected
2019-06-18 14:19:34 TRACE root:11 - Connecting...
2019-06-18 14:19:35 TRACE root:11 - Connected
2019-06-18 14:19:35 TRACE root:11 - Connecting...
2019-06-18 14:19:35 TRACE root:11 - Connected
2019-06-18 14:19:35 TRACE root:11 - Start APP
2019-06-18 14:19:35 TRACE root:11 - First page
2019-06-18 14:21:25 TRACE root:11 - Start APP
2019-06-18 14:21:25 TRACE root:11 - First page
2019-06-18 14:29:36 TRACE root:11 - Start APP
2019-06-18 14:29:36 TRACE root:11 - First page
2019-06-18 14:29:41 TRACE root:11 - Customer log in
2019-06-18 14:29:46 TRACE root:11 - Checking Authentication form employee
2019-06-18 14:35:42 TRACE root:11 - Start APP
2019-06-18 14:35:42 TRACE root:11 - First page
2019-06-18 14:35:51 TRACE root:11 - Customer log in
2019-06-18 14:35:57 TRACE root:11 - Checking Authentication form employee
2019-06-18 14:37:29 TRACE root:11 - Start APP
2019-06-18 14:37:29 TRACE root:11 - First page
2019-06-18 14:37:33 TRACE root:11 - Customer log in
2019-06-18 14:37:40 TRACE root:11 - Checking Authentication form employee
2019-06-18 14:38:42 TRACE root:11 - Start APP
2019-06-18 14:38:42 TRACE root:11 - First page
2019-06-18 14:39:07 TRACE root:11 - Start APP
2019-06-18 14:39:07 TRACE root:11 - First page
2019-06-18 14:39:13 TRACE root:11 - Customer log in
2019-06-18 14:39:19 TRACE root:11 - Checking Authentication form employee
2019-06-18 14:42:33 TRACE root:11 - Start APP
2019-06-18 14:42:33 TRACE root:11 - First page
2019-06-18 14:43:00 TRACE root:11 - Start APP
2019-06-18 14:43:00 TRACE root:11 - First page
2019-06-18 14:43:06 TRACE root:11 - Employee log in
2019-06-18 14:43:12 TRACE root:11 - Checking Authentication form employee
2019-06-18 14:43:36 TRACE root:11 - Start APP
2019-06-18 14:43:36 TRACE root:11 - First page
2019-06-18 14:43:40 TRACE root:11 - Employee log in
2019-06-18 14:43:44 TRACE root:11 - Checking Authentication form employee
2019-06-18 14:43:45 TRACE root:11 - Checking Authentication form employee
2019-06-18 14:43:46 TRACE root:11 - Checking Authentication form employee
2019-06-18 14:43:48 TRACE root:11 - Checking Authentication form employee
2019-06-18 14:44:52 TRACE root:11 - First page
2019-06-18 14:44:55 TRACE root:11 - Customer log in
2019-06-18 14:45:05 TRACE root:11 - Checking Authentication form employee
2019-06-18 14:46:36 TRACE root:11 - First page
2019-06-18 14:46:40 TRACE root:11 - Customer log in
2019-06-18 14:46:41 TRACE root:11 - Checking Authentication form employee
2019-06-18 14:46:54 TRACE root:11 - First page
2019-06-18 14:46:57 TRACE root:11 - First page
2019-06-18 14:47:00 TRACE root:11 - Customer log in
2019-06-18 14:47:01 TRACE root:11 - Checking Authentication form employee
2019-06-18 14:47:04 TRACE root:11 - Checking Authentication form employee
2019-06-18 14:47:05 TRACE root:11 - Checking Authentication form employee
2019-06-18 14:47:26 TRACE root:11 - First page
2019-06-18 14:47:27 TRACE root:11 - First page
2019-06-18 14:47:28 TRACE root:11 - First page
2019-06-18 14:47:33 TRACE root:11 - Customer log in
2019-06-18 14:47:35 TRACE root:11 - Checking Authentication form employee
2019-06-18 14:47:38 TRACE root:11 - Checking Authentication form employee
2019-06-18 14:47:41 TRACE root:11 - Checking Authentication form employee
2019-06-18 14:49:45 TRACE root:11 - Start APP
2019-06-18 14:49:45 TRACE root:11 - First page
2019-06-18 14:49:49 TRACE root:11 - Customer log in
2019-06-18 14:49:50 TRACE root:11 - Checking Authentication form employee
2019-06-18 14:50:13 TRACE root:11 - Start APP
2019-06-18 14:50:13 TRACE root:11 - First page
2019-06-18 14:50:18 TRACE root:11 - Customer log in
2019-06-18 14:50:19 TRACE root:11 - Checking Authentication form employee
2019-06-18 14:52:06 TRACE root:11 - Start APP
2019-06-18 14:52:06 TRACE root:11 - First page
2019-06-18 14:52:14 TRACE root:11 - Employee log in
2019-06-18 14:52:17 TRACE root:11 - Checking Authentication form employee
2019-06-18 14:54:01 TRACE root:11 - Start APP
2019-06-18 14:54:01 TRACE root:11 - First page
2019-06-18 14:54:08 TRACE root:11 - Customer log in
2019-06-18 14:54:11 TRACE root:11 - Checking Authentication form employee
2019-06-18 14:54:42 TRACE root:11 - Start APP
2019-06-18 14:54:42 TRACE root:11 - First page
2019-06-18 14:54:50 TRACE root:11 - Employee log in
2019-06-18 14:54:53 TRACE root:11 - Checking Authentication form employee
2019-06-18 14:56:47 TRACE root:11 - Start APP
2019-06-18 14:56:47 TRACE root:11 - First page
2019-06-18 14:56:51 TRACE root:11 - Employee log in
2019-06-18 14:56:54 TRACE root:11 - Checking Authentication form employee
2019-06-18 14:56:57 TRACE root:11 - Checking Authentication form employee
2019-06-18 14:56:59 TRACE root:11 - Checking Authentication form employee
2019-06-18 14:57:01 TRACE root:11 - Checking Authentication form employee
2019-06-18 14:57:02 TRACE root:11 - First page
2019-06-18 14:57:12 TRACE root:11 - Customer log in
2019-06-18 14:57:15 TRACE root:11 - Checking Authentication form employee
2019-06-18 14:57:50 TRACE root:11 - Start APP
2019-06-18 14:57:50 TRACE root:11 - First page
2019-06-18 14:57:57 TRACE root:11 - Employee log in
2019-06-18 14:57:59 TRACE root:11 - Checking Authentication form employee
2019-06-18 14:59:40 TRACE root:11 - Start APP
2019-06-18 14:59:40 TRACE root:11 - First page
2019-06-18 14:59:47 TRACE root:11 - Employee log in
2019-06-18 15:00:18 TRACE root:11 - Checking Authentication form employee
2019-06-18 15:03:20 TRACE root:11 - Start APP
2019-06-18 15:03:20 TRACE root:11 - First page
2019-06-18 15:03:28 TRACE root:11 - Employee log in
2019-06-18 15:05:17 TRACE root:11 - Start APP
2019-06-18 15:05:17 TRACE root:11 - First page
2019-06-18 15:05:27 TRACE root:11 - Employee log in
2019-06-18 15:06:07 TRACE root:11 - Start APP
2019-06-18 15:06:07 TRACE root:11 - First page
2019-06-18 15:06:13 TRACE root:11 - Employee log in
2019-06-18 15:09:15 TRACE root:11 - Start APP
2019-06-18 15:09:15 TRACE root:11 - First page
2019-06-18 15:09:21 TRACE root:11 - Employee log in
2019-06-18 15:09:25 TRACE root:11 - Checking Authentication form employee
2019-06-18 15:10:03 TRACE root:11 - Start APP
2019-06-18 15:10:03 TRACE root:11 - First page
2019-06-18 15:10:07 TRACE root:11 - First page
2019-06-18 15:10:11 TRACE root:11 - Employee log in
2019-06-18 15:10:12 TRACE root:11 - First page
2019-06-18 15:15:00 TRACE root:11 - Start APP
2019-06-18 15:15:00 TRACE root:11 - First page
2019-06-18 15:15:07 TRACE root:11 - Customer log in
2019-06-18 15:15:11 TRACE root:11 - Checking Authentication form employee
2019-06-18 15:18:33 TRACE root:11 - Start APP
2019-06-18 15:18:33 TRACE root:11 - First page
2019-06-18 15:18:43 TRACE root:11 - Customer log in
2019-06-18 15:18:47 TRACE root:11 - Checking Authentication form employee
2019-06-18 15:24:25 TRACE root:11 - Start APP
2019-06-18 15:24:25 TRACE root:11 - First page
2019-06-18 15:24:32 TRACE root:11 - Customer log in
2019-06-18 15:24:41 TRACE root:11 - Checking Authentication form employee
2019-06-18 15:24:47 ERROR root:27 - ERROR: invalid reference to FROM-clause entry for table "c"
  Hint: There is an entry for table "c", but it cannot be referenced from this part of the query.
  Position: 210
2019-06-18 15:25:33 TRACE root:11 - Start APP
2019-06-18 15:25:33 TRACE root:11 - First page
2019-06-18 15:25:39 TRACE root:11 - Customer log in
2019-06-18 15:25:43 TRACE root:11 - Checking Authentication form employee
2019-06-18 15:27:39 TRACE root:11 - Start APP
2019-06-18 15:27:39 TRACE root:11 - First page
2019-06-18 15:27:43 TRACE root:11 - Customer log in
2019-06-18 15:27:55 TRACE root:11 - Checking Authentication form employee
2019-06-18 15:33:07 TRACE root:11 - Start APP
2019-06-18 15:33:07 TRACE root:11 - First page
2019-06-18 15:33:12 TRACE root:11 - Customer log in
2019-06-18 15:33:17 TRACE root:11 - Checking Authentication form employee
2019-06-18 15:33:25 TRACE root:11 - Checking Authentication form employee
2019-06-18 15:36:17 TRACE root:11 - Start APP
2019-06-18 15:36:17 TRACE root:11 - First page
2019-06-18 15:36:29 TRACE root:11 - First page
2019-06-18 15:36:34 TRACE root:11 - Customer log in
2019-06-18 15:36:38 TRACE root:11 - Checking Authentication form employee
2019-06-18 15:36:46 ERROR root:27 - ResultSet not positioned properly, perhaps you need to call next.
2019-06-18 15:38:33 TRACE root:11 - Start APP
2019-06-18 15:38:33 TRACE root:11 - First page
2019-06-18 15:38:37 TRACE root:11 - Customer log in
2019-06-18 15:38:44 TRACE root:11 - Checking Authentication form employee
2019-06-18 15:40:50 TRACE root:11 - Start APP
2019-06-18 15:40:50 TRACE root:11 - First page
2019-06-18 15:40:55 TRACE root:11 - Customer log in
2019-06-18 15:41:04 TRACE root:11 - Checking Authentication form employee
2019-06-18 15:43:57 TRACE root:11 - Start APP
2019-06-18 15:43:57 TRACE root:11 - First page
2019-06-18 15:44:05 TRACE root:11 - Customer log in
2019-06-18 15:44:11 TRACE root:11 - Checking Authentication form employee
2019-06-18 15:45:12 TRACE root:11 - First page
2019-06-18 15:52:56 TRACE root:11 - Start APP
2019-06-18 15:52:56 TRACE root:11 - First page
2019-06-18 15:54:18 TRACE root:11 - Start APP
2019-06-18 15:54:18 TRACE root:11 - First page
2019-06-18 15:55:00 TRACE root:11 - Start APP
2019-06-18 15:55:00 TRACE root:11 - First page
2019-06-18 15:55:29 TRACE root:11 - Start APP
2019-06-18 15:55:29 TRACE root:11 - First page
2019-06-18 15:56:32 TRACE root:11 - Start APP
2019-06-18 15:56:32 TRACE root:11 - First page
2019-06-18 15:57:53 TRACE root:11 - Start APP
2019-06-18 15:57:53 TRACE root:11 - First page
2019-06-18 15:58:03 TRACE root:11 - Customer log in
2019-06-18 15:58:13 TRACE root:11 - Checking Authentication form employee
2019-06-18 16:00:15 TRACE root:11 - First page
2019-06-18 16:00:19 TRACE root:11 - Creating account
2019-06-18 16:02:30 TRACE root:11 - Employee log in
2019-06-18 16:02:37 TRACE root:11 - Checking Authentication form employee
2019-06-18 16:06:45 TRACE root:11 - First page
2019-06-18 16:06:51 TRACE root:11 - Employee log in
2019-06-18 16:06:55 TRACE root:11 - Checking Authentication form employee
2019-06-18 16:06:56 TRACE root:11 - Checking Authentication form employee
2019-06-18 16:06:57 TRACE root:11 - Checking Authentication form employee
2019-06-18 16:06:58 TRACE root:11 - Checking Authentication form employee
2019-06-18 16:06:59 TRACE root:11 - First page
2019-06-18 16:07:04 TRACE root:11 - Customer log in
2019-06-18 16:07:26 TRACE root:11 - Checking Authentication form employee
2019-06-18 16:07:56 TRACE root:11 - First page
2019-06-18 16:07:59 TRACE root:11 - Employee log in
2019-06-18 16:08:06 TRACE root:11 - Checking Authentication form employee
2019-06-18 16:08:13 TRACE root:11 - Checking Authentication form employee
2019-06-18 16:09:43 TRACE root:11 - Start APP
2019-06-18 16:09:43 TRACE root:11 - First page
2019-06-18 16:09:55 TRACE root:11 - Employee log in
2019-06-18 16:10:02 TRACE root:11 - Checking Authentication form employee
2019-06-18 16:10:13 TRACE root:11 - Checking Authentication form employee
2019-06-18 16:15:30 TRACE root:11 - Start APP
2019-06-18 16:15:30 TRACE root:11 - First page
2019-06-18 16:15:39 TRACE root:11 - Employee log in
2019-06-18 16:15:49 TRACE root:11 - Checking Authentication form employee
2019-06-18 16:18:26 TRACE root:11 - Start APP
2019-06-18 16:18:26 TRACE root:11 - First page
2019-06-18 16:18:33 TRACE root:11 - Employee log in
2019-06-18 16:18:39 TRACE root:11 - Checking Authentication form employee
2019-06-18 16:18:43 ERROR root:27 - Unterminated string literal started at position 230 in SQL select c.firstname,c.lastname ,  o.offer_price, o.status, car.maker
from offer o, customercardealer c, carshape car
where o.customer_id = c.customer_id 
and o.car_id= car.car_id 
and c.customer_id = o.customer_id and o.status='accept;. Expected  char
2019-06-18 16:19:28 TRACE root:11 - Start APP
2019-06-18 16:19:28 TRACE root:11 - First page
2019-06-18 16:19:33 TRACE root:11 - Employee log in
2019-06-18 16:19:42 TRACE root:11 - Checking Authentication form employee
